"2017-10-23 08:43:57 [restartedMain] INFO  com.wallet.WalletApplication - Starting WalletApplication on Mac.local with PID 10835 (/Users/aniketsingh/Documents/workspace-sts-3.9.0.RELEASE/customerWallet/target/classes started by aniketsingh in /Users/aniketsingh/Documents/workspace-sts-3.9.0.RELEASE/customerWallet)
""2017-10-23 08:43:57 [restartedMain] DEBUG com.wallet.WalletApplication - Running with Spring Boot v1.5.8.RELEASE, Spring v4.3.12.RELEASE
""2017-10-23 08:43:57 [restartedMain] INFO  com.wallet.WalletApplication - No active profile set, falling back to default profiles: default
""2017-10-23 08:43:57 [restartedMain] INFO  o.s.b.c.e.AnnotationConfigEmbeddedWebApplicationContext - Refreshing org.springframework.boot.context.embedded.AnnotationConfigEmbeddedWebApplicationContext@5b764a74: startup date [Mon Oct 23 08:43:57 IST 2017]; root of context hierarchy
""2017-10-23 08:43:58 [restartedMain] INFO  o.s.b.c.e.t.TomcatEmbeddedServletContainer - Tomcat initialized with port(s): 8085 (http)
""2017-10-23 08:43:58 [restartedMain] INFO  o.a.catalina.core.StandardService - Starting service [Tomcat]
""2017-10-23 08:43:58 [restartedMain] INFO  o.a.catalina.core.StandardEngine - Starting Servlet Engine: Apache Tomcat/8.5.23
""2017-10-23 08:43:58 [localhost-startStop-1] INFO  o.a.c.c.C.[Tomcat].[localhost].[/] - Initializing Spring embedded WebApplicationContext
""2017-10-23 08:43:58 [localhost-startStop-1] INFO  o.s.b.w.s.ServletRegistrationBean - Mapping servlet: 'dispatcherServlet' to [/]
""2017-10-23 08:43:58 [localhost-startStop-1] INFO  o.s.b.w.s.ServletRegistrationBean - Mapping servlet: 'webServlet' to [/h2-console/*]
""2017-10-23 08:43:58 [localhost-startStop-1] INFO  o.s.b.w.s.FilterRegistrationBean - Mapping filter: 'characterEncodingFilter' to: [/*]
""2017-10-23 08:43:58 [localhost-startStop-1] INFO  o.s.b.w.s.FilterRegistrationBean - Mapping filter: 'hiddenHttpMethodFilter' to: [/*]
""2017-10-23 08:43:58 [localhost-startStop-1] INFO  o.s.b.w.s.FilterRegistrationBean - Mapping filter: 'httpPutFormContentFilter' to: [/*]
""2017-10-23 08:43:58 [localhost-startStop-1] INFO  o.s.b.w.s.FilterRegistrationBean - Mapping filter: 'requestContextFilter' to: [/*]
""2017-10-23 08:43:58 [restartedMain] INFO  o.s.o.j.LocalContainerEntityManagerFactoryBean - Building JPA container EntityManagerFactory for persistence unit 'default'
""2017-10-23 08:43:58 [restartedMain] INFO  o.h.jpa.internal.util.LogHelper - HHH000204: Processing PersistenceUnitInfo [
	name: default
	...]
""2017-10-23 08:43:58 [restartedMain] INFO  org.hibernate.dialect.Dialect - HHH000400: Using dialect: org.hibernate.dialect.H2Dialect
""2017-10-23 08:43:58 [restartedMain] INFO  o.h.tool.hbm2ddl.SchemaExport - HHH000227: Running hbm2ddl schema export
""2017-10-23 08:43:58 [restartedMain] INFO  o.h.tool.hbm2ddl.SchemaExport - HHH000230: Schema export complete
""2017-10-23 08:43:58 [restartedMain] INFO  o.s.o.j.LocalContainerEntityManagerFactoryBean - Initialized JPA EntityManagerFactory for persistence unit 'default'
""2017-10-23 08:43:58 [restartedMain] INFO  o.s.jdbc.datasource.init.ScriptUtils - Executing SQL script from URL [file:/Users/aniketsingh/Documents/workspace-sts-3.9.0.RELEASE/customerWallet/target/classes/data-h2.sql]
""2017-10-23 08:43:58 [restartedMain] INFO  o.s.jdbc.datasource.init.ScriptUtils - Executed SQL script from URL [file:/Users/aniketsingh/Documents/workspace-sts-3.9.0.RELEASE/customerWallet/target/classes/data-h2.sql] in 25 ms.
""2017-10-23 08:43:58 [restartedMain] INFO  o.h.h.i.QueryTranslatorFactoryInitiator - HHH000397: Using ASTQueryTranslatorFactory
""2017-10-23 08:43:59 [restartedMain] INFO  o.s.b.d.a.OptionalLiveReloadServer - LiveReload server is running on port 35729
""2017-10-23 08:43:59 [restartedMain] INFO  o.s.j.e.a.AnnotationMBeanExporter - Registering beans for JMX exposure on startup
""2017-10-23 08:43:59 [restartedMain] INFO  o.s.b.c.e.t.TomcatEmbeddedServletContainer - Tomcat started on port(s): 8085 (http)
""2017-10-23 08:43:59 [restartedMain] INFO  com.wallet.WalletApplication - Started WalletApplication in 1.872 seconds (JVM running for 860.031)
""2017-10-23 08:44:11 [http-nio-8085-exec-1] INFO  o.a.c.c.C.[Tomcat].[localhost].[/] - Initializing Spring FrameworkServlet 'dispatcherServlet'
""2017-10-23 08:44:18 [http-nio-8085-exec-9] INFO  c.wallet.service.TransactionService - Saved Transaction: [transactionId=6, customerId=1003, amount=2000.0, transactionType=DEBIT, timeStamp=2017-10-23 08:44:18.982, timeStamp=2017-10-23 08:44:18.982, status=ACTIVE]
""2017-10-23 08:45:57 [Thread-32] INFO  o.s.b.c.e.AnnotationConfigEmbeddedWebApplicationContext - Closing org.springframework.boot.context.embedded.AnnotationConfigEmbeddedWebApplicationContext@5b764a74: startup date [Mon Oct 23 08:43:57 IST 2017]; root of context hierarchy
""2017-10-23 08:45:57 [Thread-32] WARN  o.s.b.f.s.DisposableBeanAdapter - Invocation of destroy method failed on bean with name 'classPathFileSystemWatcher': java.lang.NullPointerException
""2017-10-23 08:45:57 [Thread-32] INFO  o.s.j.e.a.AnnotationMBeanExporter - Unregistering JMX-exposed beans on shutdown
""2017-10-23 08:45:57 [Thread-32] INFO  o.s.o.j.LocalContainerEntityManagerFactoryBean - Closing JPA EntityManagerFactory for persistence unit 'default'
""2017-10-23 08:45:57 [Thread-32] INFO  o.h.tool.hbm2ddl.SchemaExport - HHH000227: Running hbm2ddl schema export
""2017-10-23 08:45:57 [Thread-32] INFO  o.h.tool.hbm2ddl.SchemaExport - HHH000230: Schema export complete
"